<?xml version="1.0" encoding="UTF-8"?>
<!-- Generated by org.testng.reporters.JUnitXMLReporter -->
<testsuite ignored="0" hostname="HP-LAPTOP" failures="0" tests="3" name="Surefire test" time="17.521" errors="0" timestamp="2024-07-11T15:59:29 IST">
  <testcase classname="PracticeFrameWork.Tests.StandAloneTest" name="submitOrder" time="5.625"/>
  <testcase classname="PracticeFrameWork.Tests.StandAloneTest" name="submitOrder" time="5.681"/>
  <testcase classname="PracticeFrameWork.Tests.StandAloneTest" name="OrderHistoryTest" time="0.577"/>
</testsuite> <!-- Surefire test -->
