<?xml version="1.0" encoding="UTF-8"?>
<!-- Generated by org.testng.reporters.JUnitXMLReporter -->
<testsuite ignored="0" hostname="HP-LAPTOP" failures="0" tests="3" name="StansAloneTest" time="18.63" errors="0" timestamp="2024-07-11T16:00:24 IST">
  <testcase classname="PracticeFrameWork.Tests.StandAloneTest" name="submitOrder" time="5.699"/>
  <testcase classname="PracticeFrameWork.Tests.StandAloneTest" name="submitOrder" time="5.681"/>
  <testcase classname="PracticeFrameWork.Tests.StandAloneTest" name="OrderHistoryTest" time="0.605"/>
</testsuite> <!-- StansAloneTest -->
