<?xml version="1.0" encoding="UTF-8"?>
<!-- Generated by org.testng.reporters.JUnitXMLReporter -->
<testsuite ignored="2" hostname="HP-LAPTOP" failures="0" tests="0" time="0.015" errors="0" timestamp="2024-07-11T17:13:43 IST">
  <testcase classname="PracticeFrameWork.Tests.ErrorValidations" name="ProductErrorValidation" time="0.0">
    <ignored/>
  </testcase> <!-- ProductErrorValidation -->
  <testcase classname="PracticeFrameWork.Tests.ErrorValidations" name="loginErrorValidation" time="0.0">
    <ignored/>
  </testcase> <!-- loginErrorValidation -->
</testsuite>
