<?xml version="1.0" encoding="UTF-8"?>
<!-- Generated by org.testng.reporters.JUnitXMLReporter -->
<testsuite ignored="1" hostname="HP-LAPTOP" failures="0" tests="2" name="StansAloneTest" time="15.618" errors="0" timestamp="2024-07-11T17:13:59 IST">
  <testcase classname="PracticeFrameWork.Tests.StandAloneTest" name="submitOrder" time="5.694"/>
  <testcase classname="PracticeFrameWork.Tests.StandAloneTest" name="submitOrder" time="5.543"/>
  <testcase classname="PracticeFrameWork.Tests.StandAloneTest" name="OrderHistoryTest" time="0.0">
    <ignored/>
  </testcase> <!-- OrderHistoryTest -->
</testsuite> <!-- StansAloneTest -->
