<?xml version="1.0" encoding="UTF-8"?>
<testng-results ignored="0" total="3" passed="3" failed="0" skipped="0">
  <reporter-output>
  </reporter-output>
  <suite started-at="2024-07-11T16:00:05 IST" name="Suite" finished-at="2024-07-11T16:00:24 IST" duration-ms="18630">
    <groups>
      <group name="Purchase">
        <method signature="StandAloneTest.submitOrder(java.util.HashMap)[pri:0, instance:PracticeFrameWork.Tests.StandAloneTest@3fc9504b]" name="submitOrder" class="PracticeFrameWork.Tests.StandAloneTest"/>
      </group> <!-- Purchase -->
      <group name="Errorhandling">
        <method signature="ErrorValidations.ProductErrorValidation()[pri:0, instance:PracticeFrameWork.Tests.ErrorValidations@3daf7722]" name="ProductErrorValidation" class="PracticeFrameWork.Tests.ErrorValidations"/>
        <method signature="ErrorValidations.loginErrorValidation()[pri:0, instance:PracticeFrameWork.Tests.ErrorValidations@3daf7722]" name="loginErrorValidation" class="PracticeFrameWork.Tests.ErrorValidations"/>
      </group> <!-- Errorhandling -->
    </groups>
    <test started-at="2024-07-11T16:00:05 IST" name="Base Test" finished-at="2024-07-11T16:00:05 IST" duration-ms="7">
    </test> <!-- Base Test -->
    <test started-at="2024-07-11T16:00:05 IST" name="StansAloneTest" finished-at="2024-07-11T16:00:24 IST" duration-ms="18630">
      <class name="PracticeFrameWork.Tests.StandAloneTest">
        <test-method is-config="true" signature="launchApplication()[pri:0, instance:PracticeFrameWork.Tests.StandAloneTest@3fc9504b]" started-at="2024-07-11T16:00:06 IST" name="launchApplication" finished-at="2024-07-11T16:00:09 IST" duration-ms="3452" status="PASS">
          <reporter-output>
          </reporter-output>
        </test-method> <!-- launchApplication -->
        <test-method signature="submitOrder(java.util.HashMap)[pri:0, instance:PracticeFrameWork.Tests.StandAloneTest@3fc9504b]" started-at="2024-07-11T16:00:09 IST" name="submitOrder" data-provider="getData" finished-at="2024-07-11T16:00:15 IST" duration-ms="5699" status="PASS">
          <params>
            <param index="0">
              <value>
                <![CDATA[{password=Mylovelife@123, product=ZARA COAT 3, email=shova@gmail.com}]]>
              </value>
            </param>
          </params>
          <reporter-output>
          </reporter-output>
        </test-method> <!-- submitOrder -->
        <test-method is-config="true" signature="teardown()[pri:0, instance:PracticeFrameWork.Tests.StandAloneTest@3fc9504b]" started-at="2024-07-11T16:00:15 IST" name="teardown" finished-at="2024-07-11T16:00:15 IST" duration-ms="128" status="PASS">
          <reporter-output>
          </reporter-output>
        </test-method> <!-- teardown -->
        <test-method is-config="true" signature="launchApplication()[pri:0, instance:PracticeFrameWork.Tests.StandAloneTest@3fc9504b]" started-at="2024-07-11T16:00:15 IST" name="launchApplication" finished-at="2024-07-11T16:00:16 IST" duration-ms="1304" status="PASS">
          <reporter-output>
          </reporter-output>
        </test-method> <!-- launchApplication -->
        <test-method signature="submitOrder(java.util.HashMap)[pri:0, instance:PracticeFrameWork.Tests.StandAloneTest@3fc9504b]" started-at="2024-07-11T16:00:16 IST" name="submitOrder" data-provider="getData" finished-at="2024-07-11T16:00:22 IST" duration-ms="5681" status="PASS">
          <params>
            <param index="0">
              <value>
                <![CDATA[{password=Iamking@000, product=ADIDAS ORIGINAL, email=shetty@gmail.com}]]>
              </value>
            </param>
          </params>
          <reporter-output>
          </reporter-output>
        </test-method> <!-- submitOrder -->
        <test-method is-config="true" signature="teardown()[pri:0, instance:PracticeFrameWork.Tests.StandAloneTest@3fc9504b]" started-at="2024-07-11T16:00:22 IST" name="teardown" finished-at="2024-07-11T16:00:22 IST" duration-ms="86" status="PASS">
          <reporter-output>
          </reporter-output>
        </test-method> <!-- teardown -->
        <test-method is-config="true" signature="launchApplication()[pri:0, instance:PracticeFrameWork.Tests.StandAloneTest@3fc9504b]" started-at="2024-07-11T16:00:22 IST" name="launchApplication" finished-at="2024-07-11T16:00:23 IST" duration-ms="1227" status="PASS">
          <reporter-output>
          </reporter-output>
        </test-method> <!-- launchApplication -->
        <test-method signature="OrderHistoryTest()[pri:0, instance:PracticeFrameWork.Tests.StandAloneTest@3fc9504b]" started-at="2024-07-11T16:00:23 IST" name="OrderHistoryTest" finished-at="2024-07-11T16:00:24 IST" depends-on-methods="PracticeFrameWork.Tests.StandAloneTest.submitOrder" duration-ms="605" status="PASS">
          <reporter-output>
          </reporter-output>
        </test-method> <!-- OrderHistoryTest -->
        <test-method is-config="true" signature="teardown()[pri:0, instance:PracticeFrameWork.Tests.StandAloneTest@3fc9504b]" started-at="2024-07-11T16:00:24 IST" name="teardown" finished-at="2024-07-11T16:00:24 IST" duration-ms="58" status="PASS">
          <reporter-output>
          </reporter-output>
        </test-method> <!-- teardown -->
      </class> <!-- PracticeFrameWork.Tests.StandAloneTest -->
    </test> <!-- StansAloneTest -->
  </suite> <!-- Suite -->
</testng-results>
